<?xml version="1.0" encoding="UTF-8"?>
<!-- Generated by org.testng.reporters.JUnitReportReporter -->
<testsuite skipped="0" hostname="LAPTOP-KOV2RKKJ" name="testCases.petStore" tests="1" failures="0" timestamp="28 Feb 2022 04:53:15 GMT" time="4.286" errors="0">
  <testcase name="deletePet" time="4.286" classname="testCases.petStore"/>
</testsuite> <!-- testCases.petStore -->
