<?xml version="1.0" encoding="UTF-8"?>
<!-- Generated by org.testng.reporters.JUnitReportReporter -->
<testsuite skipped="0" hostname="LAPTOP-KOV2RKKJ" name="testCases.testMethods" tests="6" failures="0" timestamp="19 Feb 2022 16:11:39 GMT" time="5.758" errors="0">
  <testcase name="putMethodExample1" time="0.644" classname="testCases.testMethods"/>
  <testcase name="getMethod" time="0.706" classname="testCases.testMethods"/>
  <testcase name="deleteMethodExample1" time="2.806" classname="testCases.testMethods"/>
  <testcase name="postMethodExample2" time="0.600" classname="testCases.testMethods"/>
  <testcase name="postMethod" time="0.704" classname="testCases.testMethods"/>
  <testcase name="getMethod1" time="0.298" classname="testCases.testMethods"/>
</testsuite> <!-- testCases.testMethods -->
